<?xml version="1.0" encoding="UTF-8"?>
<testsuite name="ece651.sp22.yy340.battleship.BoardTextViewTest" tests="3" skipped="0" failures="0" errors="0" timestamp="2022-02-05T08:39:35" hostname="dianyu-XPS-15-9550" time="0.008">
  <properties/>
  <testcase name="test_invalid_board_size()" classname="ece651.sp22.yy340.battleship.BoardTextViewTest" time="0.002"/>
  <testcase name="test_display_non_empty_4by3()" classname="ece651.sp22.yy340.battleship.BoardTextViewTest" time="0.004"/>
  <testcase name="test_display_empty_2by2()" classname="ece651.sp22.yy340.battleship.BoardTextViewTest" time="0.001"/>
  <system-out><![CDATA[]]></system-out>
  <system-err><![CDATA[]]></system-err>
</testsuite>
