<?xml version="1.0" encoding="UTF-8"?>
<testsuite name="ece651.sp22.yy340.battleship.BattleShipBoardTest" tests="5" skipped="0" failures="0" errors="0" timestamp="2022-02-16T20:16:44" hostname="dianyu-XPS-15-9550" time="0.011">
  <properties/>
  <testcase name="test_Ship_Array()" classname="ece651.sp22.yy340.battleship.BattleShipBoardTest" time="0.002"/>
  <testcase name="test_moveShip()" classname="ece651.sp22.yy340.battleship.BattleShipBoardTest" time="0.001"/>
  <testcase name="test_fireat()" classname="ece651.sp22.yy340.battleship.BattleShipBoardTest" time="0.002"/>
  <testcase name="test_width_and_height()" classname="ece651.sp22.yy340.battleship.BattleShipBoardTest" time="0.001"/>
  <testcase name="test_invalid_dimensions()" classname="ece651.sp22.yy340.battleship.BattleShipBoardTest" time="0.003"/>
  <system-out><![CDATA[]]></system-out>
  <system-err><![CDATA[]]></system-err>
</testsuite>
