<?xml version="1.0" encoding="UTF-8"?>
<testsuite name="ece651.sp22.yy340.battleship.V1ShipFactoryTest" tests="1" skipped="0" failures="0" errors="0" timestamp="2022-02-05T11:42:49" hostname="dianyu-XPS-15-9550" time="0.001">
  <properties/>
  <testcase name="test_v1shipfactory()" classname="ece651.sp22.yy340.battleship.V1ShipFactoryTest" time="0.001"/>
  <system-out><![CDATA[]]></system-out>
  <system-err><![CDATA[]]></system-err>
</testsuite>
